<?xml version="1.0" encoding="UTF-8"?>
<testng-results ignored="0" total="0" passed="0" failed="0" skipped="0">
  <reporter-output>
  </reporter-output>
  <suite started-at="2023-02-21T21:43:23 ICT" name="com.truonggiang.core.testing.RoleTest" finished-at="2023-02-21T21:43:23 ICT" duration-ms="30">
    <groups>
    </groups>
    <test started-at="2023-02-21T21:43:23 ICT" name="Command line test" finished-at="2023-02-21T21:43:23 ICT" duration-ms="30">
    </test> <!-- Command line test -->
  </suite> <!-- com.truonggiang.core.testing.RoleTest -->
</testng-results>
